C51 COMPILER V9.52.0.0   24C512                                                            10/07/2014 16:32:53 PAGE 1   


C51 COMPILER V9.52.0.0, COMPILATION OF MODULE 24C512
OBJECT MODULE PLACED IN 24C512.obj
COMPILER INVOKED BY: C:\Dev Program\Keil\C51\BIN\C51.EXE source\24C512.c BROWSE DEBUG OBJECTEXTEND PRINT(.\24C512.lst) O
                    -BJECT(24C512.obj)

line level    source

   1          #include "24C512.H"
*** WARNING C323 IN LINE 20 OF source\24C512.H: newline expected, extra characters found
   2          void start()
   3          {
   4   1       SDA = 1;
   5   1       SCL = 1;
   6   1       delayNOP();
   7   1       SDA = 0;
   8   1       delayNOP();
   9   1       SCL = 0;
  10   1      }
  11          
  12          void stop()
  13          {
  14   1       SDA = 0;
  15   1       delayNOP();
  16   1       SCL = 1;
  17   1       delayNOP();
  18   1       SDA = 1;
  19   1      }
  20          
  21          unsigned char shin()
  22          {
  23   1              unsigned char i,read_data;
  24   1              for(i = 0; i < 8; i++)
  25   1              {
  26   2              SCL = 1;
  27   2              read_data <<= 1;
  28   2              //  read_data |= (unsigned char)SDA;
  29   2              read_data |= SDA;
  30   2              SCL = 0;
  31   2       }
  32   1       return(read_data);
  33   1      }
  34          
  35          bit shout(unsigned char write_data) 
  36          {
  37   1              unsigned char i;
  38   1              bit ack_bit;
  39   1              for(i = 0; i < 8; i++)  // ????8??
  40   1              {
  41   2                      SDA = (bit)(write_data & 0x80);
  42   2                      _nop_();
  43   2                      SCL = 1;
  44   2                      delayNOP();
  45   2                      SCL = 0;
  46   2                      write_data <<= 1;
  47   2              }
  48   1              SDA = 1;  
  49   1              delayNOP();
  50   1              SCL = 1;
  51   1              delayNOP();
  52   1              ack_bit = SDA;
  53   1              SCL = 0;
C51 COMPILER V9.52.0.0   24C512                                                            10/07/2014 16:32:53 PAGE 2   

  54   1              return ack_bit; 
  55   1      }
  56          void write_byte( unsigned char device_addr, unsigned int data_addr, unsigned char write_data)
  57          {
  58   1              start();
  59   1              
  60   1              shout(0xa0 | (device_addr << 1));//10100 [dev_bit1] [dev_bit2] [w/r]
  61   1              
  62   1              shout(data_addr >> 8);
  63   1              shout(data_addr & 0xff);
  64   1              shout(write_data);
  65   1              stop();
  66   1              delayms(10); 
  67   1      }
  68          
  69          unsigned char read_current( unsigned char device_addr)
  70          {
  71   1              unsigned char read_data;
  72   1              start();
  73   1              shout(0xa1 | (device_addr << 1));//10100 [dev_bit1] [dev_bit2] [1]
  74   1              read_data = shin();
  75   1              stop();
  76   1              return read_data;
  77   1      }
  78          unsigned char read_random( unsigned char device_addr, unsigned int random_addr)
  79          {
  80   1              start();
  81   1              shout( 0xa0 | (device_addr << 1));
  82   1              shout(random_addr >> 8);
  83   1              shout(random_addr & 0xff);
  84   1              return(read_current( device_addr));
  85   1      }
  86          void delayms(unsigned int ms) 
  87          {
  88   1       unsigned char k;
  89   1       while(ms--)
  90   1       {
  91   2        for(k = 0; k < 120; k++);
  92   2       }
  93   1      }


MODULE INFORMATION:   STATIC OVERLAYABLE
   CODE SIZE        =    205    ----
   CONSTANT SIZE    =   ----    ----
   XDATA SIZE       =   ----    ----
   PDATA SIZE       =   ----    ----
   DATA SIZE        =   ----    ----
   IDATA SIZE       =   ----    ----
   BIT SIZE         =   ----       1
END OF MODULE INFORMATION.


C51 COMPILATION COMPLETE.  1 WARNING(S),  0 ERROR(S)
